2017-10-3 1045:} (0-0)2017-10-3 1045: (0-0)2017-10-3 1045:SQLSTATE[HY000] [1045] Access denied for user 'root'@'localhost' (using password: YES) (0-0) 
2017-10-3 1045:SQLSTATE[HY000] [1045] Access denied for user 'root'@'localhost' (using password: YES) (0-0) 
2017-10-3 1045:SQLSTATE[HY000] [1045] Access denied for user 'root'@'localhost' (using password: YES) (0-0) 
2017-10-3 1049:SQLSTATE[HY000] [1049] Unknown database 'pruebs' (0-0) 
2017-10-3 2:55:9 1049:SQLSTATE[HY000] [1049] Unknown database 'pruebs' (0-0) 
2017-10-4 2:4:12 1049:SQLSTATE[HY000] [1049] Unknown database 'pruebs' (0-0) 
2017-10-4 2:36:19 1064:You have an error in your SQL syntax; check the manual that corresponds to your MariaDB server version for the right syntax to use near 'selet 'hola' as resultado' at line 1 (0-0) 
2017-10-13 2:28:17 1064:You have an error in your SQL syntax; check the manual that corresponds to your MariaDB server version for the right syntax to use near 'cald%''' at line 1 (0-0) 
2017-10-14 16:27:37 : (0-0) 
2017-10-14 16:28:48 : (0-0) 
2017-10-14 16:31:19 : (0-0) 
2017-10-14 16:47:23 1062:Duplicate entry 'ma' for key 'mae_persona_UNcedula' (0-0) 
2017-10-14 17:38:6 1054:Unknown column 'modulo' in 'field list' (0-0) 
2017-10-14 17:38:8 1054:Unknown column 'modulo' in 'field list' (0-0) 
2017-10-14 17:52:12 1054:Unknown column 'modulo' in 'field list' (0-0) 
2017-10-14 17:52:15 1054:Unknown column 'modulo' in 'field list' (0-0) 
2017-10-14 17:53:55 1054:Unknown column 'modulo' in 'field list' (0-0) 
2017-10-14 17:53:59 1054:Unknown column 'modulo' in 'field list' (0-0) 
2017-10-14 17:54:7 1054:Unknown column 'modulo' in 'field list' (0-0) 
2017-10-14 17:54:9 1054:Unknown column 'modulo' in 'field list' (0-0) 
2017-10-14 17:56:28 1054:Unknown column 'modulo' in 'field list' (0-0) 
2017-10-14 17:56:30 1054:Unknown column 'modulo' in 'field list' (0-0) 
2017-10-14 17:56:33 1054:Unknown column 'modulo' in 'field list' (0-0) 
2017-10-14 17:56:34 1054:Unknown column 'modulo' in 'field list' (0-0) 
2017-10-14 17:56:39 1054:Unknown column 'modulo' in 'field list' (0-0) 
2017-10-14 17:56:42 1054:Unknown column 'modulo' in 'field list' (0-0) 
2017-10-14 19:10:17 1062:Duplicate entry 'n' for key 'mae_persona_UNcedula' (0-0) 
2017-10-14 19:14:41 : (0-0) 
2018-7-6 2:57:7 : (0-0) 
2018-7-6 2:57:26 : (0-0) 
2018-7-6 2:57:58 : (0-0) 
2018-7-7 3:40:50 1064:You have an error in your SQL syntax; check the manual that corresponds to your MariaDB server version for the right syntax to use near '' at line 1 (0-0) 
2018-7-7 3:42:6 1054:Unknown column 'ÓM4ÓN7' in 'where clause' (0-0) 
2018-7-7 3:55:41 1054:Unknown column 'ÓM4ÓN7' in 'where clause' (0-0) 
2018-7-7 4:0:32 : (0-0) 
2018-7-7 4:2:7 : (0-0) 
2018-7-7 4:2:27 : (0-0) 
2018-7-7 4:4:35 : (0-0) 
2018-7-7 4:8:4 : (0-0) 
2018-7-7 4:8:25 : (0-0) 
2018-7-7 4:14:12 : (0-0) 
2018-7-7 4:15:57 : (0-0) 
2018-7-7 4:16:51 : (0-0) 
2018-7-7 4:18:20 : (0-0) 
2018-7-7 4:19:14 : (0-0) 
2018-7-7 4:19:23 : (0-0) 
2018-7-7 4:20:28 : (0-0) 
2018-7-7 4:21:0 : (0-0) 
2018-7-7 4:21:37 : (0-0) 
2018-7-7 4:22:41 : (0-0) 
2018-7-7 4:25:5 : (0-0) 
2018-7-7 4:45:15 1451:Cannot delete or update a parent row: a foreign key constraint fails (`pruebas`.`aca_alumno`, CONSTRAINT `aca_alumno_mae_persona_FK` FOREIGN KEY (`persona`) REFERENCES `mae_persona` (`persona`) ON UPDATE CASCADE) (0-0) 
2018-7-7 5:9:45 1062:Duplicate entry '34' for key 'mae_persona_UNcedula' (0-0) 
2018-7-7 5:15:28 1062:Duplicate entry 'd' for key 'mae_persona_UNcorreoInstitucional' (0-0) 
2018-7-7 18:52:24 1062:Duplicate entry 'd' for key 'mae_persona_UNcorreoInstitucional' (0-0) 
2018-7-7 18:53:42 1062:Duplicate entry 'm' for key 'mae_persona_UNcedula' (0-0) 
2018-7-7 22:32:8 1064:You have an error in your SQL syntax; check the manual that corresponds to your MariaDB server version for the right syntax to use near 'c%''' at line 1 (0-0) 
2018-7-7 22:32:11 1064:You have an error in your SQL syntax; check the manual that corresponds to your MariaDB server version for the right syntax to use near '0%''' at line 1 (0-0) 
2018-7-7 22:44:18 1064:You have an error in your SQL syntax; check the manual that corresponds to your MariaDB server version for the right syntax to use near 'M%''' at line 1 (0-0) 
2018-7-7 22:44:19 1064:You have an error in your SQL syntax; check the manual that corresponds to your MariaDB server version for the right syntax to use near 'M%''' at line 1 (0-0) 
